{"/Users/antoinecaby/Documents/Annee_scolaire_2025-2026/SeminaireAutomatisationEtSecurite/Seminaire_automatisation_securite/src/utils.js": {"path":"/Users/antoinecaby/Documents/Annee_scolaire_2025-2026/SeminaireAutomatisationEtSecurite/Seminaire_automatisation_securite/src/utils.js","statementMap":{"0":{"start":{"line":4,"column":2},"end":{"line":4,"column":null}},"1":{"start":{"line":8,"column":2},"end":{"line":8,"column":null}},"2":{"start":{"line":12,"column":2},"end":{"line":12,"column":null}},"3":{"start":{"line":16,"column":2},"end":{"line":20,"column":null}}},"fnMap":{"0":{"name":"addition","decl":{"start":{"line":3,"column":16},"end":{"line":3,"column":24}},"loc":{"start":{"line":3,"column":31},"end":{"line":5,"column":null}},"line":3},"1":{"name":"estPair","decl":{"start":{"line":7,"column":16},"end":{"line":7,"column":23}},"loc":{"start":{"line":7,"column":27},"end":{"line":9,"column":null}},"line":7},"2":{"name":"inverser","decl":{"start":{"line":11,"column":16},"end":{"line":11,"column":24}},"loc":{"start":{"line":11,"column":32},"end":{"line":13,"column":null}},"line":11},"3":{"name":"slugifier","decl":{"start":{"line":15,"column":16},"end":{"line":15,"column":25}},"loc":{"start":{"line":15,"column":33},"end":{"line":21,"column":null}},"line":15}},"branchMap":{},"s":{"0":2,"1":2,"2":2,"3":2},"f":{"0":2,"1":2,"2":2,"3":2},"b":{},"meta":{"lastBranch":0,"lastFunction":4,"lastStatement":4,"seen":{"f:3:16:3:24":0,"s:4:2:4:Infinity":0,"f:7:16:7:23":1,"s:8:2:8:Infinity":1,"f:11:16:11:24":2,"s:12:2:12:Infinity":2,"f:15:16:15:25":3,"s:16:2:20:Infinity":3},"fnNames":{}}}
}
